

Started GET "/" for ::1 at 2015-10-18 17:52:13 -0700

ActiveRecord::PendingMigrationError (

Migrations are pending. To resolve this issue, run:

	bin/rake db:migrate RAILS_ENV=development

):
  activerecord (4.2.4) lib/active_record/migration.rb:392:in `check_pending!'
  activerecord (4.2.4) lib/active_record/migration.rb:373:in `call'
  actionpack (4.2.4) lib/action_dispatch/middleware/callbacks.rb:29:in `block in call'
  activesupport (4.2.4) lib/active_support/callbacks.rb:88:in `__run_callbacks__'
  activesupport (4.2.4) lib/active_support/callbacks.rb:778:in `_run_call_callbacks'
  activesupport (4.2.4) lib/active_support/callbacks.rb:81:in `run_callbacks'
  actionpack (4.2.4) lib/action_dispatch/middleware/callbacks.rb:27:in `call'
  actionpack (4.2.4) lib/action_dispatch/middleware/reloader.rb:73:in `call'
  actionpack (4.2.4) lib/action_dispatch/middleware/remote_ip.rb:78:in `call'
  actionpack (4.2.4) lib/action_dispatch/middleware/debug_exceptions.rb:17:in `call'
  web-console (2.2.1) lib/web_console/middleware.rb:39:in `call'
  actionpack (4.2.4) lib/action_dispatch/middleware/show_exceptions.rb:30:in `call'
  railties (4.2.4) lib/rails/rack/logger.rb:38:in `call_app'
  railties (4.2.4) lib/rails/rack/logger.rb:20:in `block in call'
  activesupport (4.2.4) lib/active_support/tagged_logging.rb:68:in `block in tagged'
  activesupport (4.2.4) lib/active_support/tagged_logging.rb:26:in `tagged'
  activesupport (4.2.4) lib/active_support/tagged_logging.rb:68:in `tagged'
  railties (4.2.4) lib/rails/rack/logger.rb:20:in `call'
  actionpack (4.2.4) lib/action_dispatch/middleware/request_id.rb:21:in `call'
  rack (1.6.4) lib/rack/methodoverride.rb:22:in `call'
  rack (1.6.4) lib/rack/runtime.rb:18:in `call'
  activesupport (4.2.4) lib/active_support/cache/strategy/local_cache_middleware.rb:28:in `call'
  rack (1.6.4) lib/rack/lock.rb:17:in `call'
  actionpack (4.2.4) lib/action_dispatch/middleware/static.rb:116:in `call'
  rack (1.6.4) lib/rack/sendfile.rb:113:in `call'
  railties (4.2.4) lib/rails/engine.rb:518:in `call'
  railties (4.2.4) lib/rails/application.rb:165:in `call'
  rack (1.6.4) lib/rack/lock.rb:17:in `call'
  rack (1.6.4) lib/rack/content_length.rb:15:in `call'
  rack (1.6.4) lib/rack/handler/webrick.rb:88:in `service'
  /System/Library/Frameworks/Ruby.framework/Versions/2.0/usr/lib/ruby/2.0.0/webrick/httpserver.rb:138:in `service'
  /System/Library/Frameworks/Ruby.framework/Versions/2.0/usr/lib/ruby/2.0.0/webrick/httpserver.rb:94:in `run'
  /System/Library/Frameworks/Ruby.framework/Versions/2.0/usr/lib/ruby/2.0.0/webrick/server.rb:295:in `block in start_thread'


  Rendered /Library/Ruby/Gems/2.0.0/gems/actionpack-4.2.4/lib/action_dispatch/middleware/templates/rescues/_source.erb (2.5ms)
  Rendered /Library/Ruby/Gems/2.0.0/gems/actionpack-4.2.4/lib/action_dispatch/middleware/templates/rescues/_trace.html.erb (1.4ms)
  Rendered /Library/Ruby/Gems/2.0.0/gems/actionpack-4.2.4/lib/action_dispatch/middleware/templates/rescues/_request_and_response.html.erb (0.9ms)
  Rendered /Library/Ruby/Gems/2.0.0/gems/actionpack-4.2.4/lib/action_dispatch/middleware/templates/rescues/diagnostics.html.erb within rescues/layout (25.1ms)
  Rendered /Library/Ruby/Gems/2.0.0/gems/web-console-2.2.1/lib/web_console/templates/_markup.html.erb (0.4ms)
  Rendered /Library/Ruby/Gems/2.0.0/gems/web-console-2.2.1/lib/web_console/templates/_inner_console_markup.html.erb within layouts/inlined_string (0.5ms)
  Rendered /Library/Ruby/Gems/2.0.0/gems/web-console-2.2.1/lib/web_console/templates/_prompt_box_markup.html.erb within layouts/inlined_string (0.5ms)
  Rendered /Library/Ruby/Gems/2.0.0/gems/web-console-2.2.1/lib/web_console/templates/style.css.erb within layouts/inlined_string (0.6ms)
  Rendered /Library/Ruby/Gems/2.0.0/gems/web-console-2.2.1/lib/web_console/templates/console.js.erb within layouts/javascript (61.5ms)
  Rendered /Library/Ruby/Gems/2.0.0/gems/web-console-2.2.1/lib/web_console/templates/main.js.erb within layouts/javascript (0.3ms)
  Rendered /Library/Ruby/Gems/2.0.0/gems/web-console-2.2.1/lib/web_console/templates/error_page.js.erb within layouts/javascript (0.4ms)
  Rendered /Library/Ruby/Gems/2.0.0/gems/web-console-2.2.1/lib/web_console/templates/index.html.erb (87.1ms)
  [1m[36m (1.4ms)[0m  [1mCREATE TABLE "schema_migrations" ("version" varchar NOT NULL) [0m
  [1m[35m (0.2ms)[0m  select sqlite_version(*)
  [1m[36m (1.3ms)[0m  [1mCREATE UNIQUE INDEX "unique_schema_migrations" ON "schema_migrations" ("version")[0m
  [1m[35mActiveRecord::SchemaMigration Load (0.2ms)[0m  SELECT "schema_migrations".* FROM "schema_migrations"
Migrating to CreateProjects (20151019004302)
  [1m[36m (0.1ms)[0m  [1mbegin transaction[0m
  [1m[35m (1.0ms)[0m  CREATE TABLE "projects" ("id" INTEGER PRIMARY KEY AUTOINCREMENT NOT NULL, "project" varchar NOT NULL, "created_at" datetime NOT NULL, "updated_at" datetime NOT NULL) 
  [1m[36mSQL (0.3ms)[0m  [1mINSERT INTO "schema_migrations" ("version") VALUES (?)[0m  [["version", "20151019004302"]]
  [1m[35m (1.5ms)[0m  commit transaction
  [1m[36mActiveRecord::SchemaMigration Load (0.1ms)[0m  [1mSELECT "schema_migrations".* FROM "schema_migrations"[0m
  [1m[36mActiveRecord::SchemaMigration Load (1.3ms)[0m  [1mSELECT "schema_migrations".* FROM "schema_migrations"[0m
  [1m[35mActiveRecord::SchemaMigration Load (16.3ms)[0m  SELECT "schema_migrations".* FROM "schema_migrations"


Started GET "/" for ::1 at 2015-10-19 12:34:27 -0700
  [1m[36mActiveRecord::SchemaMigration Load (0.4ms)[0m  [1mSELECT "schema_migrations".* FROM "schema_migrations"[0m
Processing by Rails::WelcomeController#index as HTML
  Rendered /Library/Ruby/Gems/2.0.0/gems/railties-4.2.4/lib/rails/templates/rails/welcome/index.html.erb (3.2ms)
Completed 200 OK in 45ms (Views: 23.3ms | ActiveRecord: 0.0ms)
  [1m[36mActiveRecord::SchemaMigration Load (0.4ms)[0m  [1mSELECT "schema_migrations".* FROM "schema_migrations"[0m
  [1m[35mActiveRecord::SchemaMigration Load (0.1ms)[0m  SELECT "schema_migrations".* FROM "schema_migrations"
  [1m[36m (1.2ms)[0m  [1mCREATE TABLE "projects" ("id" INTEGER PRIMARY KEY AUTOINCREMENT NOT NULL, "project" varchar NOT NULL, "created_at" datetime NOT NULL, "updated_at" datetime NOT NULL) [0m
  [1m[35m (0.9ms)[0m  CREATE TABLE "schema_migrations" ("version" varchar NOT NULL) 
  [1m[36m (0.1ms)[0m  [1mselect sqlite_version(*)[0m
  [1m[35m (0.8ms)[0m  CREATE UNIQUE INDEX "unique_schema_migrations" ON "schema_migrations" ("version")
  [1m[36m (0.1ms)[0m  [1mSELECT version FROM "schema_migrations"[0m
  [1m[35m (0.9ms)[0m  INSERT INTO "schema_migrations" (version) VALUES ('20151019004302')
  [1m[36m (1.3ms)[0m  [1mCREATE TABLE "projects" ("id" INTEGER PRIMARY KEY AUTOINCREMENT NOT NULL, "project" varchar NOT NULL, "created_at" datetime NOT NULL, "updated_at" datetime NOT NULL) [0m
  [1m[35m (0.9ms)[0m  CREATE TABLE "schema_migrations" ("version" varchar NOT NULL) 
  [1m[36m (0.1ms)[0m  [1mselect sqlite_version(*)[0m
  [1m[35m (0.9ms)[0m  CREATE UNIQUE INDEX "unique_schema_migrations" ON "schema_migrations" ("version")
  [1m[36m (0.1ms)[0m  [1mSELECT version FROM "schema_migrations"[0m
  [1m[35m (0.8ms)[0m  INSERT INTO "schema_migrations" (version) VALUES ('20151019004302')
  [1m[36mActiveRecord::SchemaMigration Load (0.1ms)[0m  [1mSELECT "schema_migrations".* FROM "schema_migrations"[0m
  [1m[36mActiveRecord::SchemaMigration Load (0.1ms)[0m  [1mSELECT "schema_migrations".* FROM "schema_migrations"[0m
  [1m[35mActiveRecord::SchemaMigration Load (0.1ms)[0m  SELECT "schema_migrations".* FROM "schema_migrations"
  [1m[36m (1.9ms)[0m  [1mCREATE TABLE "projects" ("id" INTEGER PRIMARY KEY AUTOINCREMENT NOT NULL, "project" varchar NOT NULL, "created_at" datetime NOT NULL, "updated_at" datetime NOT NULL) [0m
  [1m[35m (1.5ms)[0m  CREATE TABLE "schema_migrations" ("version" varchar NOT NULL) 
  [1m[36m (0.1ms)[0m  [1mselect sqlite_version(*)[0m
  [1m[35m (0.9ms)[0m  CREATE UNIQUE INDEX "unique_schema_migrations" ON "schema_migrations" ("version")
  [1m[36m (0.1ms)[0m  [1mSELECT version FROM "schema_migrations"[0m
  [1m[35m (0.8ms)[0m  INSERT INTO "schema_migrations" (version) VALUES ('20151019004302')
  [1m[36m (1.0ms)[0m  [1mCREATE TABLE "projects" ("id" INTEGER PRIMARY KEY AUTOINCREMENT NOT NULL, "project" varchar NOT NULL, "created_at" datetime NOT NULL, "updated_at" datetime NOT NULL) [0m
  [1m[35m (0.8ms)[0m  CREATE TABLE "schema_migrations" ("version" varchar NOT NULL) 
  [1m[36m (0.1ms)[0m  [1mselect sqlite_version(*)[0m
  [1m[35m (0.9ms)[0m  CREATE UNIQUE INDEX "unique_schema_migrations" ON "schema_migrations" ("version")
  [1m[36m (0.2ms)[0m  [1mSELECT version FROM "schema_migrations"[0m
  [1m[35m (1.0ms)[0m  INSERT INTO "schema_migrations" (version) VALUES ('20151019004302')
  [1m[36mActiveRecord::SchemaMigration Load (0.2ms)[0m  [1mSELECT "schema_migrations".* FROM "schema_migrations"[0m
  [1m[36mActiveRecord::SchemaMigration Load (0.1ms)[0m  [1mSELECT "schema_migrations".* FROM "schema_migrations"[0m
  [1m[35mActiveRecord::SchemaMigration Load (0.1ms)[0m  SELECT "schema_migrations".* FROM "schema_migrations"
  [1m[36mActiveRecord::SchemaMigration Load (0.1ms)[0m  [1mSELECT "schema_migrations".* FROM "schema_migrations"[0m
  [1m[35mActiveRecord::SchemaMigration Load (0.1ms)[0m  SELECT "schema_migrations".* FROM "schema_migrations"
  [1m[36m (2.1ms)[0m  [1mCREATE TABLE "schema_migrations" ("version" varchar NOT NULL) [0m
  [1m[35m (0.1ms)[0m  select sqlite_version(*)
  [1m[36m (0.9ms)[0m  [1mCREATE UNIQUE INDEX "unique_schema_migrations" ON "schema_migrations" ("version")[0m
  [1m[35mActiveRecord::SchemaMigration Load (0.1ms)[0m  SELECT "schema_migrations".* FROM "schema_migrations"
Migrating to CreateProjects (20151019004302)
  [1m[36m (0.1ms)[0m  [1mbegin transaction[0m
  [1m[35m (0.1ms)[0m  rollback transaction
  [1m[36m (1.8ms)[0m  [1mCREATE TABLE "schema_migrations" ("version" varchar NOT NULL) [0m
  [1m[35m (0.1ms)[0m  select sqlite_version(*)
  [1m[36m (0.8ms)[0m  [1mCREATE UNIQUE INDEX "unique_schema_migrations" ON "schema_migrations" ("version")[0m
  [1m[35mActiveRecord::SchemaMigration Load (0.1ms)[0m  SELECT "schema_migrations".* FROM "schema_migrations"
Migrating to CreateProjects (20151019004302)
  [1m[36m (0.1ms)[0m  [1mbegin transaction[0m
  [1m[35m (0.1ms)[0m  rollback transaction
  [1m[36m (1.8ms)[0m  [1mCREATE TABLE "schema_migrations" ("version" varchar NOT NULL) [0m
  [1m[35m (0.1ms)[0m  select sqlite_version(*)
  [1m[36m (0.9ms)[0m  [1mCREATE UNIQUE INDEX "unique_schema_migrations" ON "schema_migrations" ("version")[0m
  [1m[35mActiveRecord::SchemaMigration Load (0.1ms)[0m  SELECT "schema_migrations".* FROM "schema_migrations"
Migrating to CreateProjects (20151019004302)
  [1m[36m (0.1ms)[0m  [1mbegin transaction[0m
  [1m[35m (0.1ms)[0m  rollback transaction
  [1m[36m (2.2ms)[0m  [1mCREATE TABLE "schema_migrations" ("version" varchar NOT NULL) [0m
  [1m[35m (0.1ms)[0m  select sqlite_version(*)
  [1m[36m (1.3ms)[0m  [1mCREATE UNIQUE INDEX "unique_schema_migrations" ON "schema_migrations" ("version")[0m
  [1m[35mActiveRecord::SchemaMigration Load (0.1ms)[0m  SELECT "schema_migrations".* FROM "schema_migrations"
Migrating to CreateProjects (20151019004302)
  [1m[36m (0.1ms)[0m  [1mbegin transaction[0m
  [1m[35m (0.5ms)[0m  CREATE TABLE "projects" ("id" INTEGER PRIMARY KEY AUTOINCREMENT NOT NULL, "sno" integer, "title" varchar, "description" varchar, "status" integer, "created_at" datetime NOT NULL, "updated_at" datetime NOT NULL) 
  [1m[36mSQL (0.2ms)[0m  [1mINSERT INTO "schema_migrations" ("version") VALUES (?)[0m  [["version", "20151019004302"]]
  [1m[35m (0.8ms)[0m  commit transaction
  [1m[36mActiveRecord::SchemaMigration Load (0.1ms)[0m  [1mSELECT "schema_migrations".* FROM "schema_migrations"[0m
  [1m[36m (1.9ms)[0m  [1mCREATE TABLE "schema_migrations" ("version" varchar NOT NULL) [0m
  [1m[35m (0.1ms)[0m  select sqlite_version(*)
  [1m[36m (0.8ms)[0m  [1mCREATE UNIQUE INDEX "unique_schema_migrations" ON "schema_migrations" ("version")[0m
  [1m[35mActiveRecord::SchemaMigration Load (0.1ms)[0m  SELECT "schema_migrations".* FROM "schema_migrations"
Migrating to CreateProjects (20151019004302)
  [1m[36m (0.1ms)[0m  [1mbegin transaction[0m
  [1m[35m (0.4ms)[0m  CREATE TABLE "projects" ("id" INTEGER PRIMARY KEY AUTOINCREMENT NOT NULL, "sno" integer, "title" varchar, "description" varchar, "status" integer, "created_at" datetime NOT NULL, "updated_at" datetime NOT NULL) 
  [1m[36mSQL (0.2ms)[0m  [1mINSERT INTO "schema_migrations" ("version") VALUES (?)[0m  [["version", "20151019004302"]]
  [1m[35m (0.6ms)[0m  commit transaction
Migrating to CreateCategories (20151019200926)
  [1m[36m (0.1ms)[0m  [1mbegin transaction[0m
  [1m[35m (0.4ms)[0m  CREATE TABLE "categories" ("id" INTEGER PRIMARY KEY AUTOINCREMENT NOT NULL, "name" varchar, "description" varchar, "created_at" datetime NOT NULL, "updated_at" datetime NOT NULL) 
  [1m[36mSQL (0.2ms)[0m  [1mINSERT INTO "schema_migrations" ("version") VALUES (?)[0m  [["version", "20151019200926"]]
  [1m[35m (0.7ms)[0m  commit transaction
  [1m[36mActiveRecord::SchemaMigration Load (0.1ms)[0m  [1mSELECT "schema_migrations".* FROM "schema_migrations"[0m
  [1m[36m (1.0ms)[0m  [1mCREATE TABLE "schema_migrations" ("version" varchar NOT NULL) [0m
  [1m[35m (0.1ms)[0m  select sqlite_version(*)
  [1m[36m (0.9ms)[0m  [1mCREATE UNIQUE INDEX "unique_schema_migrations" ON "schema_migrations" ("version")[0m
  [1m[35mActiveRecord::SchemaMigration Load (0.2ms)[0m  SELECT "schema_migrations".* FROM "schema_migrations"
Migrating to CreateProjects (20151019004302)
  [1m[36m (0.1ms)[0m  [1mbegin transaction[0m
  [1m[35m (0.8ms)[0m  CREATE TABLE "projects" ("id" INTEGER PRIMARY KEY AUTOINCREMENT NOT NULL, "sno" integer, "title" varchar, "description" text, "status" integer, "created_at" datetime NOT NULL, "updated_at" datetime NOT NULL) 
  [1m[36mSQL (0.2ms)[0m  [1mINSERT INTO "schema_migrations" ("version") VALUES (?)[0m  [["version", "20151019004302"]]
  [1m[35m (0.8ms)[0m  commit transaction
Migrating to CreateCategories (20151019200926)
  [1m[36m (0.1ms)[0m  [1mbegin transaction[0m
  [1m[35m (0.4ms)[0m  CREATE TABLE "categories" ("id" INTEGER PRIMARY KEY AUTOINCREMENT NOT NULL, "name" varchar, "description" text, "created_at" datetime NOT NULL, "updated_at" datetime NOT NULL) 
  [1m[36mSQL (0.1ms)[0m  [1mINSERT INTO "schema_migrations" ("version") VALUES (?)[0m  [["version", "20151019200926"]]
  [1m[35m (0.8ms)[0m  commit transaction
Migrating to CreateUpdates (20151019201907)
  [1m[36m (0.1ms)[0m  [1mbegin transaction[0m
  [1m[35m (0.3ms)[0m  CREATE TABLE "updates" ("id" INTEGER PRIMARY KEY AUTOINCREMENT NOT NULL, "title" varchar, "url" varchar, "description" text, "last_updated" datetime, "created_at" datetime NOT NULL, "updated_at" datetime NOT NULL) 
  [1m[36mSQL (0.1ms)[0m  [1mINSERT INTO "schema_migrations" ("version") VALUES (?)[0m  [["version", "20151019201907"]]
  [1m[35m (0.7ms)[0m  commit transaction
  [1m[36mActiveRecord::SchemaMigration Load (0.1ms)[0m  [1mSELECT "schema_migrations".* FROM "schema_migrations"[0m


Started GET "/" for ::1 at 2015-10-21 12:56:27 -0700
  [1m[36mActiveRecord::SchemaMigration Load (0.5ms)[0m  [1mSELECT "schema_migrations".* FROM "schema_migrations"[0m
Processing by ProjectController#index as HTML
  Rendered project/index.html.erb within layouts/application (83.9ms)
Completed 200 OK in 1935ms (Views: 1834.0ms | ActiveRecord: 0.0ms)


Started GET "/assets/application.self-3b8dabdc891efe46b9a144b400ad69e37d7e5876bdc39dee783419a69d7ca819.js?body=1" for ::1 at 2015-10-21 12:56:29 -0700


Started GET "/assets/jquery.self-a714331225dda820228db323939889f149aec0127aeb06255646b616ba1ca419.js?body=1" for ::1 at 2015-10-21 12:56:29 -0700


Started GET "/assets/project.self-e3b0c44298fc1c149afbf4c8996fb92427ae41e4649b934ca495991b7852b855.css?body=1" for ::1 at 2015-10-21 12:56:29 -0700


Started GET "/assets/jquery_ujs.self-d456baa54c1fa6be2ec3711f0a72ddf7a5b2f34a6b4f515f33767d6207b7d4b3.js?body=1" for ::1 at 2015-10-21 12:56:29 -0700


Started GET "/assets/application.self-e80e8f2318043e8af94dddc2adad5a4f09739a8ebb323b3ab31cd71d45fd9113.css?body=1" for ::1 at 2015-10-21 12:56:29 -0700


Started GET "/assets/turbolinks.self-c37727e9bd6b2735da5c311aa83fead54ed0be6cc8bd9a65309e9c5abe2cbfff.js?body=1" for ::1 at 2015-10-21 12:56:29 -0700


Started GET "/" for ::1 at 2015-10-21 20:32:53 -0700
  [1m[36mActiveRecord::SchemaMigration Load (0.1ms)[0m  [1mSELECT "schema_migrations".* FROM "schema_migrations"[0m
Processing by ProjectController#index as HTML
  Rendered project/index.html.erb within layouts/application (2.8ms)
Completed 200 OK in 6109ms (Views: 6073.8ms | ActiveRecord: 0.0ms)


Started GET "/assets/application.self-804f0666d11e1f9521c9b2f2f5540fe590fd5f116042c37246e3ed93a4febee2.css?body=1" for ::1 at 2015-10-21 20:32:59 -0700


Started GET "/assets/bootstrap/affix.self-d2b642d8fbfc1d7041e2edefd66683ada567a980789dcd6f94fddda0b33408b5.js?body=1" for ::1 at 2015-10-21 20:32:59 -0700


Started GET "/assets/bootstrap/button.self-a6cb16785434acb365ae426aef9f1fce05ed553cae7a965e4471c3da71509175.js?body=1" for ::1 at 2015-10-21 20:32:59 -0700


Started GET "/assets/bootstrap/alert.self-a29e91e8cd3ddaba9bbc466901d53ec2127e9256b9b941905d525a3a716bd1a5.js?body=1" for ::1 at 2015-10-21 20:32:59 -0700


Started GET "/assets/bootstrap/dropdown.self-9314126777c6be5443e37ea7f7967d7914d72b3e60449ba50edc967446373059.js?body=1" for ::1 at 2015-10-21 20:32:59 -0700


Started GET "/assets/bootstrap/carousel.self-57eb8422043cf0a85b7a9dc6843916eb0a3e35b419c7798a5eb254b918997631.js?body=1" for ::1 at 2015-10-21 20:32:59 -0700


Started GET "/assets/bootstrap/collapse.self-7dc8bfbc2fbfabd2bad62c58ff8ffeaf8f20fb87c7ca6cd35f06d4dc19632587.js?body=1" for ::1 at 2015-10-21 20:32:59 -0700


Started GET "/assets/bootstrap/tab.self-122235057fbd4c6c7da377d59dc58f47b44cb1088a2e38e6ee6ce9d8ac29a26a.js?body=1" for ::1 at 2015-10-21 20:32:59 -0700


Started GET "/assets/bootstrap/transition.self-09ff30b1e8a93d1f7728b9855f55d9c9d8d5734c8861e0d8139994e50944572a.js?body=1" for ::1 at 2015-10-21 20:32:59 -0700


Started GET "/assets/bootstrap/scrollspy.self-a155b9d4b2f978905f0326c0f6635e1134fe91c6bfbfcbad079fa24a9fef2b0e.js?body=1" for ::1 at 2015-10-21 20:32:59 -0700


Started GET "/assets/bootstrap/modal.self-72f95ffa1071297725a9ac91989693d56d1abf23f441a47455073b0da2857a5b.js?body=1" for ::1 at 2015-10-21 20:32:59 -0700


Started GET "/assets/bootstrap/tooltip.self-11cf547be953f25f511cec668f6690473fd97b2f65502e4032f4030999a3f0c3.js?body=1" for ::1 at 2015-10-21 20:32:59 -0700


Started GET "/assets/bootstrap/popover.self-77d8e3a2499c1104ef146396a68b82469ee2bdb365199b874694698d10405e9a.js?body=1" for ::1 at 2015-10-21 20:32:59 -0700


Started GET "/assets/bootstrap-sprockets.self-fbfa5ad7d9aa0afe439ec4ff3883acc4cb92b62cb67c40d674320c9aa1d4642d.js?body=1" for ::1 at 2015-10-21 20:32:59 -0700


Started GET "/assets/application.self-e8a205399938ca74391f969fadd6d783c64cde29762b9bf30ba4004cae2a0ffa.js?body=1" for ::1 at 2015-10-21 20:32:59 -0700


Started GET "/" for ::1 at 2015-10-21 20:35:30 -0700
  [1m[36mActiveRecord::SchemaMigration Load (0.1ms)[0m  [1mSELECT "schema_migrations".* FROM "schema_migrations"[0m
Processing by ProjectController#index as HTML
  Rendered project/index.html.erb within layouts/application (1.1ms)
Completed 200 OK in 464ms (Views: 440.2ms | ActiveRecord: 0.0ms)


Started GET "/" for ::1 at 2015-10-21 20:37:27 -0700
  [1m[36mActiveRecord::SchemaMigration Load (0.1ms)[0m  [1mSELECT "schema_migrations".* FROM "schema_migrations"[0m
Processing by ProjectController#index as HTML
  Rendered project/index.html.erb within layouts/application (1.0ms)
Completed 200 OK in 476ms (Views: 451.6ms | ActiveRecord: 0.0ms)


Started GET "/" for ::1 at 2015-10-21 20:45:06 -0700
  [1m[36mActiveRecord::SchemaMigration Load (0.2ms)[0m  [1mSELECT "schema_migrations".* FROM "schema_migrations"[0m
Processing by ProjectController#index as HTML
  Rendered project/index.html.erb within layouts/application (1.1ms)
Completed 500 Internal Server Error in 1077ms (ActiveRecord: 0.0ms)

ActionView::Template::Error (File to import not found or unreadable: bootstrap-table-rails.
Load paths:
  /Users/cathyzhu/Developer/DelhiGov/manifesto-tracker/app/assets/images
  /Users/cathyzhu/Developer/DelhiGov/manifesto-tracker/app/assets/javascripts
  /Users/cathyzhu/Developer/DelhiGov/manifesto-tracker/app/assets/stylesheets
  /Users/cathyzhu/Developer/DelhiGov/manifesto-tracker/vendor/assets/javascripts
  /Users/cathyzhu/Developer/DelhiGov/manifesto-tracker/vendor/assets/stylesheets
  /Library/Ruby/Gems/2.0.0/gems/bootstrap-table-rails-1.9.0/vendor/assets/javascripts
  /Library/Ruby/Gems/2.0.0/gems/bootstrap-table-rails-1.9.0/vendor/assets/stylesheets
  /Library/Ruby/Gems/2.0.0/gems/turbolinks-2.5.3/lib/assets/javascripts
  /Library/Ruby/Gems/2.0.0/gems/jquery-rails-4.0.5/vendor/assets/javascripts
  /Library/Ruby/Gems/2.0.0/gems/coffee-rails-4.1.0/lib/assets/javascripts
  /Library/Ruby/Gems/2.0.0/gems/bootstrap-sass-3.2.0.2/assets/stylesheets
  /Library/Ruby/Gems/2.0.0/gems/bootstrap-sass-3.2.0.2/assets/javascripts
  /Library/Ruby/Gems/2.0.0/gems/bootstrap-sass-3.2.0.2/assets/fonts
  /Library/Ruby/Gems/2.0.0/gems/bootstrap-sass-3.2.0.2/assets/images
  /Library/Ruby/Gems/2.0.0/gems/bootstrap-sass-3.2.0.2/assets/stylesheets):
    2: <html>
    3: <head>
    4:   <title>ManifestoTracker</title>
    5:   <%= stylesheet_link_tag    'application', media: 'all', 'data-turbolinks-track' => true %>
    6:   <%= javascript_include_tag 'application', 'data-turbolinks-track' => true %>
    7:   <%= csrf_meta_tags %>
    8: </head>
  app/assets/stylesheets/application.css.sass:20
  app/views/layouts/application.html.erb:5:in `_app_views_layouts_application_html_erb___2170926631907375350_70135826553020'


  Rendered /Library/Ruby/Gems/2.0.0/gems/actionpack-4.2.4/lib/action_dispatch/middleware/templates/rescues/_source.erb (7.1ms)
  Rendered /Library/Ruby/Gems/2.0.0/gems/actionpack-4.2.4/lib/action_dispatch/middleware/templates/rescues/_trace.html.erb (62.4ms)
  Rendered /Library/Ruby/Gems/2.0.0/gems/actionpack-4.2.4/lib/action_dispatch/middleware/templates/rescues/_request_and_response.html.erb (0.8ms)
  Rendered /Library/Ruby/Gems/2.0.0/gems/actionpack-4.2.4/lib/action_dispatch/middleware/templates/rescues/template_error.html.erb within rescues/layout (88.7ms)
  Rendered /Library/Ruby/Gems/2.0.0/gems/web-console-2.2.1/lib/web_console/templates/_markup.html.erb (0.4ms)
  Rendered /Library/Ruby/Gems/2.0.0/gems/web-console-2.2.1/lib/web_console/templates/_inner_console_markup.html.erb within layouts/inlined_string (0.3ms)
  Rendered /Library/Ruby/Gems/2.0.0/gems/web-console-2.2.1/lib/web_console/templates/_prompt_box_markup.html.erb within layouts/inlined_string (0.3ms)
  Rendered /Library/Ruby/Gems/2.0.0/gems/web-console-2.2.1/lib/web_console/templates/style.css.erb within layouts/inlined_string (0.3ms)
  Rendered /Library/Ruby/Gems/2.0.0/gems/web-console-2.2.1/lib/web_console/templates/console.js.erb within layouts/javascript (18.7ms)
  Rendered /Library/Ruby/Gems/2.0.0/gems/web-console-2.2.1/lib/web_console/templates/main.js.erb within layouts/javascript (0.3ms)
  Rendered /Library/Ruby/Gems/2.0.0/gems/web-console-2.2.1/lib/web_console/templates/error_page.js.erb within layouts/javascript (0.4ms)
  Rendered /Library/Ruby/Gems/2.0.0/gems/web-console-2.2.1/lib/web_console/templates/index.html.erb (56.8ms)


Started GET "/" for ::1 at 2015-10-21 20:45:31 -0700
Processing by ProjectController#index as HTML
  Rendered project/index.html.erb within layouts/application (0.0ms)
Completed 500 Internal Server Error in 3290ms (ActiveRecord: 0.0ms)

ActionView::Template::Error (couldn't find file 'bootstrap-table-rails' with type 'application/javascript'):
    3: <head>
    4:   <title>ManifestoTracker</title>
    5:   <%= stylesheet_link_tag    'application', media: 'all', 'data-turbolinks-track' => true %>
    6:   <%= javascript_include_tag 'application', 'data-turbolinks-track' => true %>
    7:   <%= csrf_meta_tags %>
    8: </head>
    9: <body>
  app/assets/javascripts/application.js:18
  app/views/layouts/application.html.erb:6:in `_app_views_layouts_application_html_erb___2170926631907375350_70135826553020'


  Rendered /Library/Ruby/Gems/2.0.0/gems/actionpack-4.2.4/lib/action_dispatch/middleware/templates/rescues/_source.erb (6.5ms)
  Rendered /Library/Ruby/Gems/2.0.0/gems/actionpack-4.2.4/lib/action_dispatch/middleware/templates/rescues/_trace.html.erb (2.2ms)
  Rendered /Library/Ruby/Gems/2.0.0/gems/actionpack-4.2.4/lib/action_dispatch/middleware/templates/rescues/_request_and_response.html.erb (0.8ms)
  Rendered /Library/Ruby/Gems/2.0.0/gems/actionpack-4.2.4/lib/action_dispatch/middleware/templates/rescues/template_error.html.erb within rescues/layout (19.6ms)
  Rendered /Library/Ruby/Gems/2.0.0/gems/web-console-2.2.1/lib/web_console/templates/_markup.html.erb (0.3ms)
  Rendered /Library/Ruby/Gems/2.0.0/gems/web-console-2.2.1/lib/web_console/templates/_inner_console_markup.html.erb within layouts/inlined_string (0.2ms)
  Rendered /Library/Ruby/Gems/2.0.0/gems/web-console-2.2.1/lib/web_console/templates/_prompt_box_markup.html.erb within layouts/inlined_string (0.3ms)
  Rendered /Library/Ruby/Gems/2.0.0/gems/web-console-2.2.1/lib/web_console/templates/style.css.erb within layouts/inlined_string (0.3ms)
  Rendered /Library/Ruby/Gems/2.0.0/gems/web-console-2.2.1/lib/web_console/templates/console.js.erb within layouts/javascript (12.2ms)
  Rendered /Library/Ruby/Gems/2.0.0/gems/web-console-2.2.1/lib/web_console/templates/main.js.erb within layouts/javascript (0.3ms)
  Rendered /Library/Ruby/Gems/2.0.0/gems/web-console-2.2.1/lib/web_console/templates/error_page.js.erb within layouts/javascript (0.4ms)
  Rendered /Library/Ruby/Gems/2.0.0/gems/web-console-2.2.1/lib/web_console/templates/index.html.erb (27.1ms)


Started GET "/" for ::1 at 2015-10-21 20:45:59 -0700
  [1m[36mActiveRecord::SchemaMigration Load (0.2ms)[0m  [1mSELECT "schema_migrations".* FROM "schema_migrations"[0m
Processing by ProjectController#index as HTML
  Rendered project/index.html.erb within layouts/application (1.1ms)
Completed 200 OK in 852ms (Views: 826.6ms | ActiveRecord: 0.0ms)


Started GET "/assets/application.self-804f0666d11e1f9521c9b2f2f5540fe590fd5f116042c37246e3ed93a4febee2.css?body=1" for ::1 at 2015-10-21 20:46:00 -0700


Started GET "/assets/project.self-e3b0c44298fc1c149afbf4c8996fb92427ae41e4649b934ca495991b7852b855.css?body=1" for ::1 at 2015-10-21 20:46:00 -0700


Started GET "/assets/jquery_ujs.self-d456baa54c1fa6be2ec3711f0a72ddf7a5b2f34a6b4f515f33767d6207b7d4b3.js?body=1" for ::1 at 2015-10-21 20:46:00 -0700


Started GET "/assets/jquery.self-a714331225dda820228db323939889f149aec0127aeb06255646b616ba1ca419.js?body=1" for ::1 at 2015-10-21 20:46:00 -0700


Started GET "/assets/bootstrap/affix.self-d2b642d8fbfc1d7041e2edefd66683ada567a980789dcd6f94fddda0b33408b5.js?body=1" for ::1 at 2015-10-21 20:46:00 -0700


Started GET "/assets/turbolinks.self-c37727e9bd6b2735da5c311aa83fead54ed0be6cc8bd9a65309e9c5abe2cbfff.js?body=1" for ::1 at 2015-10-21 20:46:00 -0700


Started GET "/assets/bootstrap/alert.self-a29e91e8cd3ddaba9bbc466901d53ec2127e9256b9b941905d525a3a716bd1a5.js?body=1" for ::1 at 2015-10-21 20:46:00 -0700


Started GET "/assets/bootstrap/button.self-a6cb16785434acb365ae426aef9f1fce05ed553cae7a965e4471c3da71509175.js?body=1" for ::1 at 2015-10-21 20:46:00 -0700


Started GET "/assets/bootstrap/carousel.self-57eb8422043cf0a85b7a9dc6843916eb0a3e35b419c7798a5eb254b918997631.js?body=1" for ::1 at 2015-10-21 20:46:00 -0700


Started GET "/assets/bootstrap/collapse.self-7dc8bfbc2fbfabd2bad62c58ff8ffeaf8f20fb87c7ca6cd35f06d4dc19632587.js?body=1" for ::1 at 2015-10-21 20:46:00 -0700


Started GET "/assets/bootstrap/dropdown.self-9314126777c6be5443e37ea7f7967d7914d72b3e60449ba50edc967446373059.js?body=1" for ::1 at 2015-10-21 20:46:00 -0700


Started GET "/assets/bootstrap/tab.self-122235057fbd4c6c7da377d59dc58f47b44cb1088a2e38e6ee6ce9d8ac29a26a.js?body=1" for ::1 at 2015-10-21 20:46:00 -0700


Started GET "/assets/bootstrap/transition.self-09ff30b1e8a93d1f7728b9855f55d9c9d8d5734c8861e0d8139994e50944572a.js?body=1" for ::1 at 2015-10-21 20:46:00 -0700


Started GET "/assets/bootstrap/scrollspy.self-a155b9d4b2f978905f0326c0f6635e1134fe91c6bfbfcbad079fa24a9fef2b0e.js?body=1" for ::1 at 2015-10-21 20:46:00 -0700


Started GET "/assets/bootstrap/modal.self-72f95ffa1071297725a9ac91989693d56d1abf23f441a47455073b0da2857a5b.js?body=1" for ::1 at 2015-10-21 20:46:00 -0700


Started GET "/assets/bootstrap/tooltip.self-11cf547be953f25f511cec668f6690473fd97b2f65502e4032f4030999a3f0c3.js?body=1" for ::1 at 2015-10-21 20:46:00 -0700


Started GET "/assets/bootstrap/popover.self-77d8e3a2499c1104ef146396a68b82469ee2bdb365199b874694698d10405e9a.js?body=1" for ::1 at 2015-10-21 20:46:00 -0700


Started GET "/assets/bootstrap-sprockets.self-fbfa5ad7d9aa0afe439ec4ff3883acc4cb92b62cb67c40d674320c9aa1d4642d.js?body=1" for ::1 at 2015-10-21 20:46:00 -0700


Started GET "/assets/application.self-e8a205399938ca74391f969fadd6d783c64cde29762b9bf30ba4004cae2a0ffa.js?body=1" for ::1 at 2015-10-21 20:46:00 -0700


Started GET "/" for ::1 at 2015-10-21 20:46:48 -0700
Processing by ProjectController#index as HTML
  Rendered project/index.html.erb within layouts/application (0.1ms)
Completed 200 OK in 3074ms (Views: 3073.2ms | ActiveRecord: 0.0ms)


Started GET "/assets/application.self-6dec4e2bfe179fae6fb8453519263efeba18d011910984a45b6eb9b03a37ab3d.css?body=1" for ::1 at 2015-10-21 20:46:51 -0700


Started GET "/assets/application.self-56d643ac06da1784a340ce78885f6ac2737d5c2a694864e79bfe21afc403dc9c.js?body=1" for ::1 at 2015-10-21 20:46:51 -0700


Started GET "/assets/bootstrap-table.self-e61281bb7abca764d6f18894edbee756b1bb9f774fe51cdf97266fdf87cf94f2.js?body=1" for ::1 at 2015-10-21 20:46:51 -0700


Started GET "/manifesto.json?order=asc&_=1445485611570" for ::1 at 2015-10-21 20:46:51 -0700

ActionController::RoutingError (No route matches [GET] "/manifesto.json"):
  actionpack (4.2.4) lib/action_dispatch/middleware/debug_exceptions.rb:21:in `call'
  web-console (2.2.1) lib/web_console/middleware.rb:39:in `call'
  actionpack (4.2.4) lib/action_dispatch/middleware/show_exceptions.rb:30:in `call'
  railties (4.2.4) lib/rails/rack/logger.rb:38:in `call_app'
  railties (4.2.4) lib/rails/rack/logger.rb:20:in `block in call'
  activesupport (4.2.4) lib/active_support/tagged_logging.rb:68:in `block in tagged'
  activesupport (4.2.4) lib/active_support/tagged_logging.rb:26:in `tagged'
  activesupport (4.2.4) lib/active_support/tagged_logging.rb:68:in `tagged'
  railties (4.2.4) lib/rails/rack/logger.rb:20:in `call'
  actionpack (4.2.4) lib/action_dispatch/middleware/request_id.rb:21:in `call'
  rack (1.6.4) lib/rack/methodoverride.rb:22:in `call'
  rack (1.6.4) lib/rack/runtime.rb:18:in `call'
  activesupport (4.2.4) lib/active_support/cache/strategy/local_cache_middleware.rb:28:in `call'
  rack (1.6.4) lib/rack/lock.rb:17:in `call'
  actionpack (4.2.4) lib/action_dispatch/middleware/static.rb:116:in `call'
  rack (1.6.4) lib/rack/sendfile.rb:113:in `call'
  railties (4.2.4) lib/rails/engine.rb:518:in `call'
  railties (4.2.4) lib/rails/application.rb:165:in `call'
  rack (1.6.4) lib/rack/lock.rb:17:in `call'
  rack (1.6.4) lib/rack/content_length.rb:15:in `call'
  rack (1.6.4) lib/rack/handler/webrick.rb:88:in `service'
  /System/Library/Frameworks/Ruby.framework/Versions/2.0/usr/lib/ruby/2.0.0/webrick/httpserver.rb:138:in `service'
  /System/Library/Frameworks/Ruby.framework/Versions/2.0/usr/lib/ruby/2.0.0/webrick/httpserver.rb:94:in `run'
  /System/Library/Frameworks/Ruby.framework/Versions/2.0/usr/lib/ruby/2.0.0/webrick/server.rb:295:in `block in start_thread'


  Rendered /Library/Ruby/Gems/2.0.0/gems/actionpack-4.2.4/lib/action_dispatch/middleware/templates/rescues/_trace.text.erb (1.0ms)
  Rendered /Library/Ruby/Gems/2.0.0/gems/actionpack-4.2.4/lib/action_dispatch/middleware/templates/rescues/routing_error.text.erb (8.3ms)
Cannot render console with content type application/jsonAllowed content types: [#<Mime::Type:0x007f96a3aa8390 @synonyms=["application/xhtml+xml"], @symbol=:html, @string="text/html">, #<Mime::Type:0x007f96a3ab3100 @synonyms=[], @symbol=:text, @string="text/plain">, #<Mime::Type:0x007f96a3ad3130 @synonyms=[], @symbol=:url_encoded_form, @string="application/x-www-form-urlencoded">]
